[2018-06-08 15:44:28] INFO  org.springframework.test.context.support.AbstractTestContextBootstrapper 248 getDefaultTestExecutionListenerClassNames - Loaded default TestExecutionListener class names from location [META-INF/spring.factories]: [org.springframework.test.context.web.ServletTestExecutionListener, org.springframework.test.context.support.DirtiesContextBeforeModesTestExecutionListener, org.springframework.test.context.support.DependencyInjectionTestExecutionListener, org.springframework.test.context.support.DirtiesContextTestExecutionListener, org.springframework.test.context.transaction.TransactionalTestExecutionListener, org.springframework.test.context.jdbc.SqlScriptsTestExecutionListener]
[2018-06-08 15:44:28] INFO  org.springframework.test.context.support.AbstractTestContextBootstrapper 174 getTestExecutionListeners - Using TestExecutionListeners: [org.springframework.test.context.web.ServletTestExecutionListener@77fbd92c, org.springframework.test.context.support.DirtiesContextBeforeModesTestExecutionListener@67c27493, org.springframework.test.context.support.DependencyInjectionTestExecutionListener@1a482e36, org.springframework.test.context.support.DirtiesContextTestExecutionListener@72967906, org.springframework.test.context.transaction.TransactionalTestExecutionListener@5b8dfcc1, org.springframework.test.context.jdbc.SqlScriptsTestExecutionListener@2f9f7dcf]
[2018-06-08 15:44:28] INFO  org.springframework.beans.factory.xml.XmlBeanDefinitionReader 317 loadBeanDefinitions - Loading XML bean definitions from class path resource [applicationContext.xml]
[2018-06-08 15:44:30] INFO  org.springframework.beans.factory.xml.XmlBeanDefinitionReader 317 loadBeanDefinitions - Loading XML bean definitions from class path resource [spring-threadpool.xml]
[2018-06-08 15:44:31] INFO  org.springframework.context.support.AbstractApplicationContext 583 prepareRefresh - Refreshing org.springframework.context.support.GenericApplicationContext@2d1ef81a: startup date [Fri Jun 08 15:44:31 CST 2018]; root of context hierarchy
[2018-06-08 15:44:34] INFO  org.springframework.beans.factory.annotation.AutowiredAnnotationBeanPostProcessor 155 <init> - JSR-330 'javax.inject.Inject' annotation found and supported for autowiring
[2018-06-08 15:44:36] INFO  org.springframework.scheduling.concurrent.ExecutorConfigurationSupport 165 initialize - Initializing ExecutorService  'taskExecutor'
[2018-06-08 15:44:38] INFO  com.alibaba.druid.pool.DruidDataSource 922 init - {dataSource-1} inited
[2018-06-08 15:44:41] INFO  org.springframework.context.support.AbstractApplicationContext 984 doClose - Closing org.springframework.context.support.GenericApplicationContext@2d1ef81a: startup date [Fri Jun 08 15:44:31 CST 2018]; root of context hierarchy
[2018-06-08 15:44:41] INFO  com.alibaba.druid.pool.DruidDataSource 1817 close - {dataSource-1} closed
[2018-06-08 15:44:41] INFO  org.springframework.scheduling.concurrent.ExecutorConfigurationSupport 202 shutdown - Shutting down ExecutorService 'taskExecutor'
[2018-06-08 15:46:23] INFO  org.springframework.test.context.support.AbstractTestContextBootstrapper 248 getDefaultTestExecutionListenerClassNames - Loaded default TestExecutionListener class names from location [META-INF/spring.factories]: [org.springframework.test.context.web.ServletTestExecutionListener, org.springframework.test.context.support.DirtiesContextBeforeModesTestExecutionListener, org.springframework.test.context.support.DependencyInjectionTestExecutionListener, org.springframework.test.context.support.DirtiesContextTestExecutionListener, org.springframework.test.context.transaction.TransactionalTestExecutionListener, org.springframework.test.context.jdbc.SqlScriptsTestExecutionListener]
[2018-06-08 15:46:23] INFO  org.springframework.test.context.support.AbstractTestContextBootstrapper 174 getTestExecutionListeners - Using TestExecutionListeners: [org.springframework.test.context.web.ServletTestExecutionListener@7f0eb4b4, org.springframework.test.context.support.DirtiesContextBeforeModesTestExecutionListener@5c33f1a9, org.springframework.test.context.support.DependencyInjectionTestExecutionListener@1623b78d, org.springframework.test.context.support.DirtiesContextTestExecutionListener@c8c12ac, org.springframework.test.context.transaction.TransactionalTestExecutionListener@6adbc9d, org.springframework.test.context.jdbc.SqlScriptsTestExecutionListener@4550bb58]
[2018-06-08 15:46:24] INFO  org.springframework.beans.factory.xml.XmlBeanDefinitionReader 317 loadBeanDefinitions - Loading XML bean definitions from class path resource [applicationContext.xml]
[2018-06-08 15:46:24] INFO  org.springframework.beans.factory.xml.XmlBeanDefinitionReader 317 loadBeanDefinitions - Loading XML bean definitions from class path resource [spring-threadpool.xml]
[2018-06-08 15:46:25] INFO  org.springframework.context.support.AbstractApplicationContext 583 prepareRefresh - Refreshing org.springframework.context.support.GenericApplicationContext@292b08d6: startup date [Fri Jun 08 15:46:25 CST 2018]; root of context hierarchy
[2018-06-08 15:46:26] INFO  org.springframework.beans.factory.annotation.AutowiredAnnotationBeanPostProcessor 155 <init> - JSR-330 'javax.inject.Inject' annotation found and supported for autowiring
[2018-06-08 15:46:26] INFO  org.springframework.scheduling.concurrent.ExecutorConfigurationSupport 165 initialize - Initializing ExecutorService  'taskExecutor'
[2018-06-08 15:46:28] INFO  com.alibaba.druid.pool.DruidDataSource 922 init - {dataSource-1} inited
[2018-06-08 15:46:30] INFO  InsertTest 32 insertT - sda
[2018-06-08 15:46:30] INFO  org.springframework.context.support.AbstractApplicationContext 984 doClose - Closing org.springframework.context.support.GenericApplicationContext@292b08d6: startup date [Fri Jun 08 15:46:25 CST 2018]; root of context hierarchy
[2018-06-08 15:46:30] INFO  com.alibaba.druid.pool.DruidDataSource 1817 close - {dataSource-1} closed
[2018-06-08 15:46:30] INFO  org.springframework.scheduling.concurrent.ExecutorConfigurationSupport 202 shutdown - Shutting down ExecutorService 'taskExecutor'
[2018-06-08 21:59:44] INFO  org.springframework.test.context.support.AbstractTestContextBootstrapper 248 getDefaultTestExecutionListenerClassNames - Loaded default TestExecutionListener class names from location [META-INF/spring.factories]: [org.springframework.test.context.web.ServletTestExecutionListener, org.springframework.test.context.support.DirtiesContextBeforeModesTestExecutionListener, org.springframework.test.context.support.DependencyInjectionTestExecutionListener, org.springframework.test.context.support.DirtiesContextTestExecutionListener, org.springframework.test.context.transaction.TransactionalTestExecutionListener, org.springframework.test.context.jdbc.SqlScriptsTestExecutionListener]
[2018-06-08 21:59:44] INFO  org.springframework.test.context.support.AbstractTestContextBootstrapper 174 getTestExecutionListeners - Using TestExecutionListeners: [org.springframework.test.context.web.ServletTestExecutionListener@7f0eb4b4, org.springframework.test.context.support.DirtiesContextBeforeModesTestExecutionListener@5c33f1a9, org.springframework.test.context.support.DependencyInjectionTestExecutionListener@1623b78d, org.springframework.test.context.support.DirtiesContextTestExecutionListener@c8c12ac, org.springframework.test.context.transaction.TransactionalTestExecutionListener@6adbc9d, org.springframework.test.context.jdbc.SqlScriptsTestExecutionListener@4550bb58]
[2018-06-08 21:59:44] INFO  org.springframework.beans.factory.xml.XmlBeanDefinitionReader 317 loadBeanDefinitions - Loading XML bean definitions from class path resource [applicationContext.xml]
[2018-06-08 21:59:45] INFO  org.springframework.beans.factory.xml.XmlBeanDefinitionReader 317 loadBeanDefinitions - Loading XML bean definitions from class path resource [spring-threadpool.xml]
[2018-06-08 21:59:46] INFO  org.springframework.context.support.AbstractApplicationContext 583 prepareRefresh - Refreshing org.springframework.context.support.GenericApplicationContext@292b08d6: startup date [Fri Jun 08 21:59:46 CST 2018]; root of context hierarchy
[2018-06-08 21:59:47] INFO  org.springframework.beans.factory.annotation.AutowiredAnnotationBeanPostProcessor 155 <init> - JSR-330 'javax.inject.Inject' annotation found and supported for autowiring
[2018-06-08 21:59:48] INFO  org.springframework.scheduling.concurrent.ExecutorConfigurationSupport 165 initialize - Initializing ExecutorService  'taskExecutor'
[2018-06-08 21:59:50] INFO  com.alibaba.druid.pool.DruidDataSource 922 init - {dataSource-1} inited
[2018-06-08 21:59:54] INFO  org.springframework.context.support.AbstractApplicationContext 984 doClose - Closing org.springframework.context.support.GenericApplicationContext@292b08d6: startup date [Fri Jun 08 21:59:46 CST 2018]; root of context hierarchy
[2018-06-08 21:59:54] INFO  com.alibaba.druid.pool.DruidDataSource 1817 close - {dataSource-1} closed
[2018-06-08 21:59:54] INFO  org.springframework.scheduling.concurrent.ExecutorConfigurationSupport 202 shutdown - Shutting down ExecutorService 'taskExecutor'
